# JRE version: 7.0_07-b10
# Java VM: Java HotSpot(TM) 64-Bit Server VM (23.3-b01 mixed mode linux-amd64 compressed oops)
Heap
 PSYoungGen      total 73024K, used 58699K [0x00000007acb60000, 0x00000007b3bd0000, 0x0000000800000000)
  eden space 62400K, 78% used [0x00000007acb60000,0x00000007afaeca58,0x00000007b0850000)
  from space 10624K, 94% used [0x00000007b09e0000,0x00000007b13a6420,0x00000007b1440000)
  to   space 26368K, 0% used [0x00000007b2210000,0x00000007b2210000,0x00000007b3bd0000)
 ParOldGen       total 170624K, used 22706K [0x0000000706200000, 0x00000007108a0000, 0x00000007acb60000)
  object space 170624K, 13% used [0x0000000706200000,0x000000070782c8e0,0x00000007108a0000)
 PSPermGen       total 40448K, used 40351K [0x0000000701000000, 0x0000000703780000, 0x0000000706200000)
  object space 40448K, 99% used [0x0000000701000000,0x0000000703767d90,0x0000000703780000)
GC Heap History (10 events):
Event: 4.887 GC heap before
{Heap before GC invocations=1 (full 0):
 PSYoungGen      total 74624K, used 64000K [0x00000007acb60000, 0x00000007b1ea0000, 0x0000000800000000)
  eden space 64000K, 100% used [0x00000007acb60000,0x00000007b09e0000,0x00000007b09e0000)
  from space 10624K, 0% used [0x00000007b1440000,0x00000007b1440000,0x00000007b1ea0000)
  to   space 10624K, 0% used [0x00000007b09e0000,0x00000007b09e0000,0x00000007b1440000)
 ParOldGen       total 170624K, used 0K [0x0000000706200000, 0x00000007108a0000, 0x00000007acb60000)
  object space 170624K, 0% used [0x0000000706200000,0x0000000706200000,0x00000007108a0000)
 PSPermGen       total 22784K, used 22717K [0x0000000701000000, 0x0000000702640000, 0x0000000706200000)
  object space 22784K, 99% used [0x0000000701000000,0x000000070262f568,0x0000000702640000)
Event: 4.899 GC heap after
Heap after GC invocations=1 (full 0):
 PSYoungGen      total 74624K, used 10601K [0x00000007acb60000, 0x00000007b1ea0000, 0x0000000800000000)
  eden space 64000K, 0% used [0x00000007acb60000,0x00000007acb60000,0x00000007b09e0000)
  from space 10624K, 99% used [0x00000007b09e0000,0x00000007b143a618,0x00000007b1440000)
  to   space 10624K, 0% used [0x00000007b1440000,0x00000007b1440000,0x00000007b1ea0000)
 ParOldGen       total 170624K, used 8438K [0x0000000706200000, 0x00000007108a0000, 0x00000007acb60000)
  object space 170624K, 4% used [0x0000000706200000,0x0000000706a3da28,0x00000007108a0000)
 PSPermGen       total 22784K, used 22717K [0x0000000701000000, 0x0000000702640000, 0x0000000706200000)
  object space 22784K, 99% used [0x0000000701000000,0x000000070262f568,0x0000000702640000)
}
Event: 39.322 GC heap before
{Heap before GC invocations=2 (full 0):
 PSYoungGen      total 74624K, used 74601K [0x00000007acb60000, 0x00000007b1ea0000, 0x0000000800000000)
  eden space 64000K, 100% used [0x00000007acb60000,0x00000007b09e0000,0x00000007b09e0000)
  from space 10624K, 99% used [0x00000007b09e0000,0x00000007b143a618,0x00000007b1440000)
  to   space 10624K, 0% used [0x00000007b1440000,0x00000007b1440000,0x00000007b1ea0000)
 ParOldGen       total 170624K, used 8438K [0x0000000706200000, 0x00000007108a0000, 0x00000007acb60000)
  object space 170624K, 4% used [0x0000000706200000,0x0000000706a3da28,0x00000007108a0000)
 PSPermGen       total 36224K, used 36046K [0x0000000701000000, 0x0000000703360000, 0x0000000706200000)
  object space 36224K, 99% used [0x0000000701000000,0x0000000703333870,0x0000000703360000)
Event: 39.337 GC heap after
Heap after GC invocations=2 (full 0):
 PSYoungGen      total 74624K, used 10622K [0x00000007acb60000, 0x00000007b1ea0000, 0x0000000800000000)
  eden space 64000K, 0% used [0x00000007acb60000,0x00000007acb60000,0x00000007b09e0000)
  from space 10624K, 99% used [0x00000007b1440000,0x00000007b1e9f918,0x00000007b1ea0000)
  to   space 10624K, 0% used [0x00000007b09e0000,0x00000007b09e0000,0x00000007b1440000)
 ParOldGen       total 170624K, used 21353K [0x0000000706200000, 0x00000007108a0000, 0x00000007acb60000)
  object space 170624K, 12% used [0x0000000706200000,0x00000007076da438,0x00000007108a0000)
 PSPermGen       total 36224K, used 36046K [0x0000000701000000, 0x0000000703360000, 0x0000000706200000)
  object space 36224K, 99% used [0x0000000701000000,0x0000000703333870,0x0000000703360000)
}
Event: 138.535 GC heap before
{Heap before GC invocations=3 (full 0):
 PSYoungGen      total 74624K, used 74622K [0x00000007acb60000, 0x00000007b1ea0000, 0x0000000800000000)
  eden space 64000K, 100% used [0x00000007acb60000,0x00000007b09e0000,0x00000007b09e0000)
  from space 10624K, 99% used [0x00000007b1440000,0x00000007b1e9f918,0x00000007b1ea0000)
  to   space 10624K, 0% used [0x00000007b09e0000,0x00000007b09e0000,0x00000007b1440000)
 ParOldGen       total 170624K, used 21353K [0x0000000706200000, 0x00000007108a0000, 0x00000007acb60000)
  object space 170624K, 12% used [0x0000000706200000,0x00000007076da438,0x00000007108a0000)
 PSPermGen       total 37568K, used 37382K [0x0000000701000000, 0x00000007034b0000, 0x0000000706200000)
  object space 37568K, 99% used [0x0000000701000000,0x0000000703481920,0x00000007034b0000)
Event: 138.545 GC heap after
Heap after GC invocations=3 (full 0):
 PSYoungGen      total 74624K, used 10597K [0x00000007acb60000, 0x00000007b1ea0000, 0x0000000800000000)
  eden space 64000K, 0% used [0x00000007acb60000,0x00000007acb60000,0x00000007b09e0000)
  from space 10624K, 99% used [0x00000007b09e0000,0x00000007b14397e8,0x00000007b1440000)
  to   space 10624K, 0% used [0x00000007b1440000,0x00000007b1440000,0x00000007b1ea0000)
 ParOldGen       total 170624K, used 21507K [0x0000000706200000, 0x00000007108a0000, 0x00000007acb60000)
  object space 170624K, 12% used [0x0000000706200000,0x0000000707700dd0,0x00000007108a0000)
 PSPermGen       total 37568K, used 37382K [0x0000000701000000, 0x00000007034b0000, 0x0000000706200000)
  object space 37568K, 99% used [0x0000000701000000,0x0000000703481920,0x00000007034b0000)
}
Event: 141.572 GC heap before
{Heap before GC invocations=4 (full 0):
 PSYoungGen      total 74624K, used 74597K [0x00000007acb60000, 0x00000007b1ea0000, 0x0000000800000000)
  eden space 64000K, 100% used [0x00000007acb60000,0x00000007b09e0000,0x00000007b09e0000)
  from space 10624K, 99% used [0x00000007b09e0000,0x00000007b14397e8,0x00000007b1440000)
  to   space 10624K, 0% used [0x00000007b1440000,0x00000007b1440000,0x00000007b1ea0000)
 ParOldGen       total 170624K, used 21507K [0x0000000706200000, 0x00000007108a0000, 0x00000007acb60000)
  object space 170624K, 12% used [0x0000000706200000,0x0000000707700dd0,0x00000007108a0000)
 PSPermGen       total 37568K, used 37450K [0x0000000701000000, 0x00000007034b0000, 0x0000000706200000)
  object space 37568K, 99% used [0x0000000701000000,0x0000000703492aa0,0x00000007034b0000)
Event: 141.581 GC heap after
Heap after GC invocations=4 (full 0):
 PSYoungGen      total 74624K, used 10605K [0x00000007acb60000, 0x00000007b1ea0000, 0x0000000800000000)
  eden space 64000K, 0% used [0x00000007acb60000,0x00000007acb60000,0x00000007b09e0000)
  from space 10624K, 99% used [0x00000007b1440000,0x00000007b1e9b6c0,0x00000007b1ea0000)
  to   space 10624K, 0% used [0x00000007b09e0000,0x00000007b09e0000,0x00000007b1440000)
 ParOldGen       total 170624K, used 22686K [0x0000000706200000, 0x00000007108a0000, 0x00000007acb60000)
  object space 170624K, 13% used [0x0000000706200000,0x00000007078278c0,0x00000007108a0000)
 PSPermGen       total 37568K, used 37450K [0x0000000701000000, 0x00000007034b0000, 0x0000000706200000)
  object space 37568K, 99% used [0x0000000701000000,0x0000000703492aa0,0x00000007034b0000)
}
Event: 226.988 GC heap before
{Heap before GC invocations=5 (full 0):
 PSYoungGen      total 74624K, used 74602K [0x00000007acb60000, 0x00000007b1ea0000, 0x0000000800000000)
  eden space 64000K, 99% used [0x00000007acb60000,0x00000007b09df1a8,0x00000007b09e0000)
  from space 10624K, 99% used [0x00000007b1440000,0x00000007b1e9b6c0,0x00000007b1ea0000)
  to   space 10624K, 0% used [0x00000007b09e0000,0x00000007b09e0000,0x00000007b1440000)
 ParOldGen       total 170624K, used 22706K [0x0000000706200000, 0x00000007108a0000, 0x00000007acb60000)
  object space 170624K, 13% used [0x0000000706200000,0x000000070782c8e0,0x00000007108a0000)
 PSPermGen       total 37760K, used 37636K [0x0000000701000000, 0x00000007034e0000, 0x0000000706200000)
  object space 37760K, 99% used [0x0000000701000000,0x00000007034c1360,0x00000007034e0000)
Event: 226.995 GC heap after
Heap after GC invocations=5 (full 0):
 PSYoungGen      total 73024K, used 10009K [0x00000007acb60000, 0x00000007b3bd0000, 0x0000000800000000)
  eden space 62400K, 0% used [0x00000007acb60000,0x00000007acb60000,0x00000007b0850000)
  from space 10624K, 94% used [0x00000007b09e0000,0x00000007b13a6420,0x00000007b1440000)
  to   space 26368K, 0% used [0x00000007b2210000,0x00000007b2210000,0x00000007b3bd0000)
 ParOldGen       total 170624K, used 22706K [0x0000000706200000, 0x00000007108a0000, 0x00000007acb60000)
  object space 170624K, 13% used [0x0000000706200000,0x000000070782c8e0,0x00000007108a0000)
 PSPermGen       total 37760K, used 37636K [0x0000000701000000, 0x00000007034e0000, 0x0000000706200000)
  object space 37760K, 99% used [0x0000000701000000,0x00000007034c1360,0x00000007034e0000)
}

